<?xml version="1.0" encoding="UTF-8"?>
<testng-results skipped="0" failed="0" ignored="0" total="3" passed="3">
  <reporter-output>
  </reporter-output>
  <suite name="SRDlogistics" duration-ms="66771" started-at="2021-03-29T05:14:09Z" finished-at="2021-03-29T05:15:16Z">
    <groups>
    </groups>
    <test name="Test" duration-ms="10" started-at="2021-03-29T05:14:09Z" finished-at="2021-03-29T05:14:09Z">
    </test> <!-- Test -->
    <test name="Login_testcase" duration-ms="66378" started-at="2021-03-29T05:14:09Z" finished-at="2021-03-29T05:15:16Z">
      <class name="com.srd.stepdefinition.login_page_test_cases">
        <test-method status="PASS" signature="browser(java.lang.String)[pri:0, instance:com.srd.stepdefinition.login_page_test_cases@148080bb]" name="browser" is-config="true" duration-ms="18751" started-at="2021-03-29T05:14:09Z" finished-at="2021-03-29T05:14:28Z">
          <params>
            <param index="0">
              <value>
                <![CDATA[http://qa.appsrdlogistics.com/]]>
              </value>
            </param>
          </params>
          <reporter-output>
          </reporter-output>
        </test-method> <!-- browser -->
        <test-method status="PASS" signature="login_with_incorrect_password(java.lang.String, java.lang.String, java.lang.String)[pri:1, instance:com.srd.stepdefinition.login_page_test_cases@148080bb]" name="login_with_incorrect_password" duration-ms="2123" started-at="2021-03-29T05:14:28Z" finished-at="2021-03-29T05:14:30Z">
          <params>
            <param index="0">
              <value>
                <![CDATA[iqbal]]>
              </value>
            </param>
            <param index="1">
              <value>
                <![CDATA[xxxx]]>
              </value>
            </param>
            <param index="2">
              <value>
                <![CDATA[Incorrect Username or Password, please check login credential and try again.]]>
              </value>
            </param>
          </params>
          <reporter-output>
          </reporter-output>
        </test-method> <!-- login_with_incorrect_password -->
        <test-method status="PASS" signature="close()[pri:0, instance:com.srd.stepdefinition.login_page_test_cases@148080bb]" name="close" is-config="true" duration-ms="382" started-at="2021-03-29T05:14:30Z" finished-at="2021-03-29T05:14:30Z">
          <reporter-output>
          </reporter-output>
        </test-method> <!-- close -->
        <test-method status="PASS" signature="browser(java.lang.String)[pri:0, instance:com.srd.stepdefinition.login_page_test_cases@148080bb]" name="browser" is-config="true" duration-ms="13375" started-at="2021-03-29T05:14:30Z" finished-at="2021-03-29T05:14:44Z">
          <params>
            <param index="0">
              <value>
                <![CDATA[http://qa.appsrdlogistics.com/]]>
              </value>
            </param>
          </params>
          <reporter-output>
          </reporter-output>
        </test-method> <!-- browser -->
        <test-method status="PASS" signature="login_with_correct__username_password(java.lang.String, java.lang.String, java.lang.String)[pri:2, instance:com.srd.stepdefinition.login_page_test_cases@148080bb]" name="login_with_correct__username_password" duration-ms="9326" started-at="2021-03-29T05:14:44Z" finished-at="2021-03-29T05:14:53Z">
          <params>
            <param index="0">
              <value>
                <![CDATA[iqbal]]>
              </value>
            </param>
            <param index="1">
              <value>
                <![CDATA[4646]]>
              </value>
            </param>
            <param index="2">
              <value>
                <![CDATA[http://qa.appsrdlogistics.com/dashboard/classic]]>
              </value>
            </param>
          </params>
          <reporter-output>
          </reporter-output>
        </test-method> <!-- login_with_correct__username_password -->
        <test-method status="PASS" signature="close()[pri:0, instance:com.srd.stepdefinition.login_page_test_cases@148080bb]" name="close" is-config="true" duration-ms="255" started-at="2021-03-29T05:14:53Z" finished-at="2021-03-29T05:14:53Z">
          <reporter-output>
          </reporter-output>
        </test-method> <!-- close -->
        <test-method status="PASS" signature="browser(java.lang.String)[pri:0, instance:com.srd.stepdefinition.login_page_test_cases@148080bb]" name="browser" is-config="true" duration-ms="17358" started-at="2021-03-29T05:14:53Z" finished-at="2021-03-29T05:15:11Z">
          <params>
            <param index="0">
              <value>
                <![CDATA[http://qa.appsrdlogistics.com/]]>
              </value>
            </param>
          </params>
          <reporter-output>
          </reporter-output>
        </test-method> <!-- browser -->
        <test-method status="PASS" signature="Forget_password(java.lang.String, java.lang.String)[pri:3, instance:com.srd.stepdefinition.login_page_test_cases@148080bb]" name="Forget_password" duration-ms="3" started-at="2021-03-29T05:15:11Z" finished-at="2021-03-29T05:15:11Z">
          <params>
            <param index="0">
              <value>
                <![CDATA[iqbal]]>
              </value>
            </param>
            <param index="1">
              <value>
                <![CDATA[4646]]>
              </value>
            </param>
          </params>
          <reporter-output>
          </reporter-output>
        </test-method> <!-- Forget_password -->
        <test-method status="PASS" signature="close()[pri:0, instance:com.srd.stepdefinition.login_page_test_cases@148080bb]" name="close" is-config="true" duration-ms="4746" started-at="2021-03-29T05:15:11Z" finished-at="2021-03-29T05:15:16Z">
          <reporter-output>
          </reporter-output>
        </test-method> <!-- close -->
      </class> <!-- com.srd.stepdefinition.login_page_test_cases -->
    </test> <!-- Login_testcase -->
  </suite> <!-- SRDlogistics -->
</testng-results>
